/home/eddy/ws_ros2_opencv/install/ros2_opencv/lib/python3.8/site-packages/ros2_opencv/capture_calibration_images.py
/home/eddy/ws_ros2_opencv/install/ros2_opencv/lib/python3.8/site-packages/ros2_opencv/subscriberImage.py
/home/eddy/ws_ros2_opencv/install/ros2_opencv/lib/python3.8/site-packages/ros2_opencv/calibrate_camera.py
/home/eddy/ws_ros2_opencv/install/ros2_opencv/lib/python3.8/site-packages/ros2_opencv/cameraPublisher.py
/home/eddy/ws_ros2_opencv/install/ros2_opencv/lib/python3.8/site-packages/ros2_opencv/__init__.py
/home/eddy/ws_ros2_opencv/install/ros2_opencv/lib/python3.8/site-packages/ros2_opencv/__pycache__/capture_calibration_images.cpython-38.pyc
/home/eddy/ws_ros2_opencv/install/ros2_opencv/lib/python3.8/site-packages/ros2_opencv/__pycache__/subscriberImage.cpython-38.pyc
/home/eddy/ws_ros2_opencv/install/ros2_opencv/lib/python3.8/site-packages/ros2_opencv/__pycache__/calibrate_camera.cpython-38.pyc
/home/eddy/ws_ros2_opencv/install/ros2_opencv/lib/python3.8/site-packages/ros2_opencv/__pycache__/cameraPublisher.cpython-38.pyc
/home/eddy/ws_ros2_opencv/install/ros2_opencv/lib/python3.8/site-packages/ros2_opencv/__pycache__/__init__.cpython-38.pyc
/home/eddy/ws_ros2_opencv/install/ros2_opencv/share/ament_index/resource_index/packages/ros2_opencv
/home/eddy/ws_ros2_opencv/install/ros2_opencv/share/ros2_opencv/package.xml
/home/eddy/ws_ros2_opencv/install/ros2_opencv/lib/python3.8/site-packages/ros2_opencv-0.0.0-py3.8.egg-info/dependency_links.txt
/home/eddy/ws_ros2_opencv/install/ros2_opencv/lib/python3.8/site-packages/ros2_opencv-0.0.0-py3.8.egg-info/entry_points.txt
/home/eddy/ws_ros2_opencv/install/ros2_opencv/lib/python3.8/site-packages/ros2_opencv-0.0.0-py3.8.egg-info/SOURCES.txt
/home/eddy/ws_ros2_opencv/install/ros2_opencv/lib/python3.8/site-packages/ros2_opencv-0.0.0-py3.8.egg-info/top_level.txt
/home/eddy/ws_ros2_opencv/install/ros2_opencv/lib/python3.8/site-packages/ros2_opencv-0.0.0-py3.8.egg-info/PKG-INFO
/home/eddy/ws_ros2_opencv/install/ros2_opencv/lib/python3.8/site-packages/ros2_opencv-0.0.0-py3.8.egg-info/zip-safe
/home/eddy/ws_ros2_opencv/install/ros2_opencv/lib/python3.8/site-packages/ros2_opencv-0.0.0-py3.8.egg-info/requires.txt
/home/eddy/ws_ros2_opencv/install/ros2_opencv/lib/ros2_opencv/publisher_node
/home/eddy/ws_ros2_opencv/install/ros2_opencv/lib/ros2_opencv/subscriber_node
