[1.325s] DEBUG:colcon:Command line arguments: ['/usr/bin/colcon', 'build']
[1.325s] DEBUG:colcon:Parsed command line arguments: Namespace(allow_overriding=[], ament_cmake_args=None, base_paths=['.'], build_base='build', catkin_cmake_args=None, catkin_skip_building_tests=False, cmake_args=None, cmake_clean_cache=False, cmake_clean_first=False, cmake_force_configure=False, cmake_target=None, cmake_target_skip_unavailable=False, continue_on_error=False, event_handlers=None, executor='parallel', ignore_user_meta=False, install_base='install', log_base=None, log_level=None, main=<bound method BuildVerb.main of <colcon_core.verb.build.BuildVerb object at 0xffff9c9c9910>>, merge_install=False, metas=['./colcon.meta'], mixin=None, mixin_files=None, mixin_verb=('build',), packages_above=None, packages_above_and_dependencies=None, packages_above_depth=None, packages_end=None, packages_ignore=None, packages_ignore_regex=None, packages_select=None, packages_select_build_failed=False, packages_select_by_dep=None, packages_select_regex=None, packages_select_test_failures=False, packages_skip=None, packages_skip_build_finished=False, packages_skip_by_dep=None, packages_skip_regex=None, packages_skip_test_passed=False, packages_skip_up_to=None, packages_start=None, packages_up_to=None, packages_up_to_regex=None, parallel_workers=6, paths=None, symlink_install=False, test_result_base=None, verb_extension=<colcon_core.verb.build.BuildVerb object at 0xffff9c9c9910>, verb_name='build', verb_parser=<colcon_mixin.mixin.mixin_argument.MixinArgumentDecorator object at 0xffff9c7eff10>)
[2.111s] Level 1:colcon.colcon_core.package_discovery:discover_packages(colcon_meta) check parameters
[2.112s] Level 1:colcon.colcon_core.package_discovery:discover_packages(recursive) check parameters
[2.112s] Level 1:colcon.colcon_core.package_discovery:discover_packages(ignore) check parameters
[2.112s] Level 1:colcon.colcon_core.package_discovery:discover_packages(path) check parameters
[2.112s] Level 1:colcon.colcon_core.package_discovery:discover_packages(colcon_meta) discover
[2.112s] Level 1:colcon.colcon_core.package_discovery:discover_packages(recursive) discover
[2.112s] INFO:colcon.colcon_core.package_discovery:Crawling recursively for packages in '/home/eddy/ws_ros2_opencv'
[2.113s] Level 1:colcon.colcon_core.package_identification:_identify(.) by extensions ['ignore', 'ignore_ament_install']
[2.113s] Level 1:colcon.colcon_core.package_identification:_identify(.) by extension 'ignore'
[2.113s] Level 1:colcon.colcon_core.package_identification:_identify(.) by extension 'ignore_ament_install'
[2.113s] Level 1:colcon.colcon_core.package_identification:_identify(.) by extensions ['colcon_pkg']
[2.113s] Level 1:colcon.colcon_core.package_identification:_identify(.) by extension 'colcon_pkg'
[2.113s] Level 1:colcon.colcon_core.package_identification:_identify(.) by extensions ['colcon_meta']
[2.113s] Level 1:colcon.colcon_core.package_identification:_identify(.) by extension 'colcon_meta'
[2.113s] Level 1:colcon.colcon_core.package_identification:_identify(.) by extensions ['ros']
[2.114s] Level 1:colcon.colcon_core.package_identification:_identify(.) by extension 'ros'
[2.144s] Level 1:colcon.colcon_core.package_identification:_identify(.) by extensions ['cmake', 'python']
[2.144s] Level 1:colcon.colcon_core.package_identification:_identify(.) by extension 'cmake'
[2.144s] Level 1:colcon.colcon_core.package_identification:_identify(.) by extension 'python'
[2.144s] Level 1:colcon.colcon_core.package_identification:_identify(.) by extensions ['python_setup_py']
[2.144s] Level 1:colcon.colcon_core.package_identification:_identify(.) by extension 'python_setup_py'
[2.145s] Level 1:colcon.colcon_core.package_identification:_identify(build) by extensions ['ignore', 'ignore_ament_install']
[2.145s] Level 1:colcon.colcon_core.package_identification:_identify(build) by extension 'ignore'
[2.145s] Level 1:colcon.colcon_core.package_identification:_identify(build) ignored
[2.145s] Level 1:colcon.colcon_core.package_identification:_identify(install) by extensions ['ignore', 'ignore_ament_install']
[2.146s] Level 1:colcon.colcon_core.package_identification:_identify(install) by extension 'ignore'
[2.146s] Level 1:colcon.colcon_core.package_identification:_identify(install) ignored
[2.146s] Level 1:colcon.colcon_core.package_identification:_identify(log) by extensions ['ignore', 'ignore_ament_install']
[2.146s] Level 1:colcon.colcon_core.package_identification:_identify(log) by extension 'ignore'
[2.146s] Level 1:colcon.colcon_core.package_identification:_identify(log) ignored
[2.146s] Level 1:colcon.colcon_core.package_identification:_identify(src) by extensions ['ignore', 'ignore_ament_install']
[2.147s] Level 1:colcon.colcon_core.package_identification:_identify(src) by extension 'ignore'
[2.147s] Level 1:colcon.colcon_core.package_identification:_identify(src) by extension 'ignore_ament_install'
[2.147s] Level 1:colcon.colcon_core.package_identification:_identify(src) by extensions ['colcon_pkg']
[2.147s] Level 1:colcon.colcon_core.package_identification:_identify(src) by extension 'colcon_pkg'
[2.147s] Level 1:colcon.colcon_core.package_identification:_identify(src) by extensions ['colcon_meta']
[2.147s] Level 1:colcon.colcon_core.package_identification:_identify(src) by extension 'colcon_meta'
[2.147s] Level 1:colcon.colcon_core.package_identification:_identify(src) by extensions ['ros']
[2.147s] Level 1:colcon.colcon_core.package_identification:_identify(src) by extension 'ros'
[2.147s] Level 1:colcon.colcon_core.package_identification:_identify(src) by extensions ['cmake', 'python']
[2.147s] Level 1:colcon.colcon_core.package_identification:_identify(src) by extension 'cmake'
[2.148s] Level 1:colcon.colcon_core.package_identification:_identify(src) by extension 'python'
[2.148s] Level 1:colcon.colcon_core.package_identification:_identify(src) by extensions ['python_setup_py']
[2.148s] Level 1:colcon.colcon_core.package_identification:_identify(src) by extension 'python_setup_py'
[2.148s] Level 1:colcon.colcon_core.package_identification:_identify(src/ros2_opencv) by extensions ['ignore', 'ignore_ament_install']
[2.148s] Level 1:colcon.colcon_core.package_identification:_identify(src/ros2_opencv) by extension 'ignore'
[2.148s] Level 1:colcon.colcon_core.package_identification:_identify(src/ros2_opencv) by extension 'ignore_ament_install'
[2.148s] Level 1:colcon.colcon_core.package_identification:_identify(src/ros2_opencv) by extensions ['colcon_pkg']
[2.148s] Level 1:colcon.colcon_core.package_identification:_identify(src/ros2_opencv) by extension 'colcon_pkg'
[2.148s] Level 1:colcon.colcon_core.package_identification:_identify(src/ros2_opencv) by extensions ['colcon_meta']
[2.148s] Level 1:colcon.colcon_core.package_identification:_identify(src/ros2_opencv) by extension 'colcon_meta'
[2.149s] Level 1:colcon.colcon_core.package_identification:_identify(src/ros2_opencv) by extensions ['ros']
[2.149s] Level 1:colcon.colcon_core.package_identification:_identify(src/ros2_opencv) by extension 'ros'
[2.292s] DEBUG:colcon.colcon_core.package_identification:Package 'src/ros2_opencv' with type 'ros.ament_python' and name 'ros2_opencv'
[2.292s] Level 1:colcon.colcon_core.package_discovery:discover_packages(recursive) using defaults
[2.292s] Level 1:colcon.colcon_core.package_discovery:discover_packages(ignore) discover
[2.292s] Level 1:colcon.colcon_core.package_discovery:discover_packages(ignore) using defaults
[2.292s] Level 1:colcon.colcon_core.package_discovery:discover_packages(path) discover
[2.292s] Level 1:colcon.colcon_core.package_discovery:discover_packages(path) using defaults
[2.506s] Level 1:colcon.colcon_core.package_discovery:discover_packages(prefix_path) check parameters
[2.506s] Level 1:colcon.colcon_core.package_discovery:discover_packages(prefix_path) discover
[2.515s] DEBUG:colcon.colcon_installed_package_information.package_discovery:Found 268 installed packages in /opt/ros/foxy
[2.518s] Level 1:colcon.colcon_core.package_discovery:discover_packages(prefix_path) using defaults
[2.796s] Level 5:colcon.colcon_core.verb:set package 'ros2_opencv' build argument 'cmake_args' from command line to 'None'
[2.796s] Level 5:colcon.colcon_core.verb:set package 'ros2_opencv' build argument 'cmake_target' from command line to 'None'
[2.797s] Level 5:colcon.colcon_core.verb:set package 'ros2_opencv' build argument 'cmake_target_skip_unavailable' from command line to 'False'
[2.797s] Level 5:colcon.colcon_core.verb:set package 'ros2_opencv' build argument 'cmake_clean_cache' from command line to 'False'
[2.797s] Level 5:colcon.colcon_core.verb:set package 'ros2_opencv' build argument 'cmake_clean_first' from command line to 'False'
[2.797s] Level 5:colcon.colcon_core.verb:set package 'ros2_opencv' build argument 'cmake_force_configure' from command line to 'False'
[2.797s] Level 5:colcon.colcon_core.verb:set package 'ros2_opencv' build argument 'ament_cmake_args' from command line to 'None'
[2.797s] Level 5:colcon.colcon_core.verb:set package 'ros2_opencv' build argument 'catkin_cmake_args' from command line to 'None'
[2.797s] Level 5:colcon.colcon_core.verb:set package 'ros2_opencv' build argument 'catkin_skip_building_tests' from command line to 'False'
[2.797s] DEBUG:colcon.colcon_core.verb:Building package 'ros2_opencv' with the following arguments: {'ament_cmake_args': None, 'build_base': '/home/eddy/ws_ros2_opencv/build/ros2_opencv', 'catkin_cmake_args': None, 'catkin_skip_building_tests': False, 'cmake_args': None, 'cmake_clean_cache': False, 'cmake_clean_first': False, 'cmake_force_configure': False, 'cmake_target': None, 'cmake_target_skip_unavailable': False, 'install_base': '/home/eddy/ws_ros2_opencv/install/ros2_opencv', 'merge_install': False, 'path': '/home/eddy/ws_ros2_opencv/src/ros2_opencv', 'symlink_install': False, 'test_result_base': None}
[2.797s] INFO:colcon.colcon_core.executor:Executing jobs using 'parallel' executor
[2.800s] DEBUG:colcon.colcon_parallel_executor.executor.parallel:run_until_complete
[2.800s] INFO:colcon.colcon_ros.task.ament_python.build:Building ROS package in '/home/eddy/ws_ros2_opencv/src/ros2_opencv' with build type 'ament_python'
[2.801s] Level 1:colcon.colcon_core.shell:create_environment_hook('ros2_opencv', 'ament_prefix_path')
[2.946s] INFO:colcon.colcon_core.plugin_system:Skipping extension 'colcon_core.shell.bat': Not used on non-Windows systems
[2.947s] INFO:colcon.colcon_core.shell:Creating environment hook '/home/eddy/ws_ros2_opencv/install/ros2_opencv/share/ros2_opencv/hook/ament_prefix_path.ps1'
[2.949s] INFO:colcon.colcon_core.shell:Creating environment descriptor '/home/eddy/ws_ros2_opencv/install/ros2_opencv/share/ros2_opencv/hook/ament_prefix_path.dsv'
[2.950s] INFO:colcon.colcon_core.shell:Creating environment hook '/home/eddy/ws_ros2_opencv/install/ros2_opencv/share/ros2_opencv/hook/ament_prefix_path.sh'
[2.951s] INFO:colcon.colcon_core.shell:Skip shell extension 'powershell' for command environment: Not usable outside of PowerShell
[2.951s] DEBUG:colcon.colcon_core.shell:Skip shell extension 'dsv' for command environment
[3.555s] INFO:colcon.colcon_core.task.python.build:Building Python package in '/home/eddy/ws_ros2_opencv/src/ros2_opencv'
[3.557s] INFO:colcon.colcon_core.shell:Skip shell extension 'powershell' for command environment: Not usable outside of PowerShell
[3.557s] DEBUG:colcon.colcon_core.shell:Skip shell extension 'dsv' for command environment
[5.549s] DEBUG:colcon.colcon_core.event_handler.log_command:Invoking command in '/home/eddy/ws_ros2_opencv/src/ros2_opencv': PYTHONPATH=/home/eddy/ws_ros2_opencv/build/ros2_opencv/prefix_override:/home/eddy/ws_ros2_opencv/install/ros2_opencv/lib/python3.8/site-packages:${PYTHONPATH} /usr/bin/python3 -W ignore:setup.py install is deprecated setup.py egg_info --egg-base ../../build/ros2_opencv build --build-base /home/eddy/ws_ros2_opencv/build/ros2_opencv/build install --record /home/eddy/ws_ros2_opencv/build/ros2_opencv/install.log --install-scripts $base/lib/ros2_opencv --single-version-externally-managed install_data
[6.442s] DEBUG:colcon.colcon_core.event_handler.log_command:Invoked command in '/home/eddy/ws_ros2_opencv/src/ros2_opencv' returned '0': PYTHONPATH=/home/eddy/ws_ros2_opencv/build/ros2_opencv/prefix_override:/home/eddy/ws_ros2_opencv/install/ros2_opencv/lib/python3.8/site-packages:${PYTHONPATH} /usr/bin/python3 -W ignore:setup.py install is deprecated setup.py egg_info --egg-base ../../build/ros2_opencv build --build-base /home/eddy/ws_ros2_opencv/build/ros2_opencv/build install --record /home/eddy/ws_ros2_opencv/build/ros2_opencv/install.log --install-scripts $base/lib/ros2_opencv --single-version-externally-managed install_data
[6.529s] Level 1:colcon.colcon_core.environment:checking '/home/eddy/ws_ros2_opencv/install/ros2_opencv' for CMake module files
[6.530s] Level 1:colcon.colcon_core.environment:checking '/home/eddy/ws_ros2_opencv/install/ros2_opencv' for CMake config files
[6.532s] Level 1:colcon.colcon_core.environment:checking '/home/eddy/ws_ros2_opencv/install/ros2_opencv/lib'
[6.532s] Level 1:colcon.colcon_core.environment:checking '/home/eddy/ws_ros2_opencv/install/ros2_opencv/bin'
[6.533s] Level 1:colcon.colcon_core.environment:checking '/home/eddy/ws_ros2_opencv/install/ros2_opencv/lib/pkgconfig/ros2_opencv.pc'
[6.533s] Level 1:colcon.colcon_core.environment:checking '/home/eddy/ws_ros2_opencv/install/ros2_opencv/lib/python3.8/site-packages'
[6.533s] Level 1:colcon.colcon_core.shell:create_environment_hook('ros2_opencv', 'pythonpath')
[6.534s] INFO:colcon.colcon_core.shell:Creating environment hook '/home/eddy/ws_ros2_opencv/install/ros2_opencv/share/ros2_opencv/hook/pythonpath.ps1'
[6.535s] INFO:colcon.colcon_core.shell:Creating environment descriptor '/home/eddy/ws_ros2_opencv/install/ros2_opencv/share/ros2_opencv/hook/pythonpath.dsv'
[6.536s] INFO:colcon.colcon_core.shell:Creating environment hook '/home/eddy/ws_ros2_opencv/install/ros2_opencv/share/ros2_opencv/hook/pythonpath.sh'
[6.536s] Level 1:colcon.colcon_core.environment:checking '/home/eddy/ws_ros2_opencv/install/ros2_opencv/bin'
[6.537s] Level 1:colcon.colcon_core.environment:create_environment_scripts_only(ros2_opencv)
[6.537s] INFO:colcon.colcon_core.shell:Creating package script '/home/eddy/ws_ros2_opencv/install/ros2_opencv/share/ros2_opencv/package.ps1'
[6.539s] INFO:colcon.colcon_core.shell:Creating package descriptor '/home/eddy/ws_ros2_opencv/install/ros2_opencv/share/ros2_opencv/package.dsv'
[6.540s] INFO:colcon.colcon_core.shell:Creating package script '/home/eddy/ws_ros2_opencv/install/ros2_opencv/share/ros2_opencv/package.sh'
[6.542s] INFO:colcon.colcon_core.shell:Creating package script '/home/eddy/ws_ros2_opencv/install/ros2_opencv/share/ros2_opencv/package.bash'
[6.544s] INFO:colcon.colcon_core.shell:Creating package script '/home/eddy/ws_ros2_opencv/install/ros2_opencv/share/ros2_opencv/package.zsh'
[6.546s] Level 1:colcon.colcon_core.environment:create_file_with_runtime_dependencies(/home/eddy/ws_ros2_opencv/install/ros2_opencv/share/colcon-core/packages/ros2_opencv)
[6.546s] DEBUG:colcon.colcon_parallel_executor.executor.parallel:closing loop
[6.547s] DEBUG:colcon.colcon_parallel_executor.executor.parallel:loop closed
[6.547s] DEBUG:colcon.colcon_parallel_executor.executor.parallel:run_until_complete finished with '0'
[6.548s] DEBUG:colcon.colcon_core.event_reactor:joining thread
[6.560s] INFO:colcon.colcon_core.plugin_system:Skipping extension 'colcon_notification.desktop_notification.terminal_notifier': Not used on non-Darwin systems
[6.561s] INFO:colcon.colcon_core.plugin_system:Skipping extension 'colcon_notification.desktop_notification.win32': Not used on non-Windows systems
[6.561s] INFO:colcon.colcon_notification.desktop_notification:Sending desktop notification using 'notify2'
[6.612s] DEBUG:colcon.colcon_core.event_reactor:joined thread
[6.613s] INFO:colcon.colcon_core.shell:Creating prefix script '/home/eddy/ws_ros2_opencv/install/local_setup.ps1'
[6.743s] INFO:colcon.colcon_core.shell:Creating prefix util module '/home/eddy/ws_ros2_opencv/install/_local_setup_util_ps1.py'
[6.746s] INFO:colcon.colcon_core.shell:Creating prefix chain script '/home/eddy/ws_ros2_opencv/install/setup.ps1'
[6.748s] INFO:colcon.colcon_core.shell:Creating prefix script '/home/eddy/ws_ros2_opencv/install/local_setup.sh'
[6.750s] INFO:colcon.colcon_core.shell:Creating prefix util module '/home/eddy/ws_ros2_opencv/install/_local_setup_util_sh.py'
[6.751s] INFO:colcon.colcon_core.shell:Creating prefix chain script '/home/eddy/ws_ros2_opencv/install/setup.sh'
[6.753s] INFO:colcon.colcon_core.shell:Creating prefix script '/home/eddy/ws_ros2_opencv/install/local_setup.bash'
[6.754s] INFO:colcon.colcon_core.shell:Creating prefix chain script '/home/eddy/ws_ros2_opencv/install/setup.bash'
[6.756s] INFO:colcon.colcon_core.shell:Creating prefix script '/home/eddy/ws_ros2_opencv/install/local_setup.zsh'
[6.757s] INFO:colcon.colcon_core.shell:Creating prefix chain script '/home/eddy/ws_ros2_opencv/install/setup.zsh'
