running egg_info
writing ../../build/ros2_opencv/ros2_opencv.egg-info/PKG-INFO
writing dependency_links to ../../build/ros2_opencv/ros2_opencv.egg-info/dependency_links.txt
writing entry points to ../../build/ros2_opencv/ros2_opencv.egg-info/entry_points.txt
writing requirements to ../../build/ros2_opencv/ros2_opencv.egg-info/requires.txt
writing top-level names to ../../build/ros2_opencv/ros2_opencv.egg-info/top_level.txt
reading manifest file '../../build/ros2_opencv/ros2_opencv.egg-info/SOURCES.txt'
writing manifest file '../../build/ros2_opencv/ros2_opencv.egg-info/SOURCES.txt'
running build
running build_py
copying ros2_opencv/capture_calibration_images.py -> /home/eddy/ws_ros2_opencv/build/ros2_opencv/build/lib/ros2_opencv
copying ros2_opencv/calibrate_camera.py -> /home/eddy/ws_ros2_opencv/build/ros2_opencv/build/lib/ros2_opencv
running install
running install_lib
copying /home/eddy/ws_ros2_opencv/build/ros2_opencv/build/lib/ros2_opencv/capture_calibration_images.py -> /home/eddy/ws_ros2_opencv/install/ros2_opencv/lib/python3.8/site-packages/ros2_opencv
copying /home/eddy/ws_ros2_opencv/build/ros2_opencv/build/lib/ros2_opencv/calibrate_camera.py -> /home/eddy/ws_ros2_opencv/install/ros2_opencv/lib/python3.8/site-packages/ros2_opencv
byte-compiling /home/eddy/ws_ros2_opencv/install/ros2_opencv/lib/python3.8/site-packages/ros2_opencv/capture_calibration_images.py to capture_calibration_images.cpython-38.pyc
byte-compiling /home/eddy/ws_ros2_opencv/install/ros2_opencv/lib/python3.8/site-packages/ros2_opencv/calibrate_camera.py to calibrate_camera.cpython-38.pyc
running install_data
running install_egg_info
removing '/home/eddy/ws_ros2_opencv/install/ros2_opencv/lib/python3.8/site-packages/ros2_opencv-0.0.0-py3.8.egg-info' (and everything under it)
Copying ../../build/ros2_opencv/ros2_opencv.egg-info to /home/eddy/ws_ros2_opencv/install/ros2_opencv/lib/python3.8/site-packages/ros2_opencv-0.0.0-py3.8.egg-info
running install_scripts
Installing publisher_node script to /home/eddy/ws_ros2_opencv/install/ros2_opencv/lib/ros2_opencv
Installing subscriber_node script to /home/eddy/ws_ros2_opencv/install/ros2_opencv/lib/ros2_opencv
writing list of installed files to '/home/eddy/ws_ros2_opencv/build/ros2_opencv/install.log'
