[2.748s] Invoking command in '/home/eddy/ws_ros2_opencv/src/ros2_opencv': PYTHONPATH=/home/eddy/ws_ros2_opencv/build/ros2_opencv/prefix_override:/home/eddy/ws_ros2_opencv/install/ros2_opencv/lib/python3.8/site-packages:${PYTHONPATH} /usr/bin/python3 -W ignore:setup.py install is deprecated setup.py egg_info --egg-base ../../build/ros2_opencv build --build-base /home/eddy/ws_ros2_opencv/build/ros2_opencv/build install --record /home/eddy/ws_ros2_opencv/build/ros2_opencv/install.log --install-scripts $base/lib/ros2_opencv --single-version-externally-managed install_data
[3.182s] running egg_info
[3.183s] writing ../../build/ros2_opencv/ros2_opencv.egg-info/PKG-INFO
[3.323s] writing dependency_links to ../../build/ros2_opencv/ros2_opencv.egg-info/dependency_links.txt
[3.323s] writing entry points to ../../build/ros2_opencv/ros2_opencv.egg-info/entry_points.txt
[3.324s] writing requirements to ../../build/ros2_opencv/ros2_opencv.egg-info/requires.txt
[3.324s] writing top-level names to ../../build/ros2_opencv/ros2_opencv.egg-info/top_level.txt
[3.390s] reading manifest file '../../build/ros2_opencv/ros2_opencv.egg-info/SOURCES.txt'
[3.528s] writing manifest file '../../build/ros2_opencv/ros2_opencv.egg-info/SOURCES.txt'
[3.528s] running build
[3.529s] running build_py
[3.530s] copying ros2_opencv/capture_calibration_images.py -> /home/eddy/ws_ros2_opencv/build/ros2_opencv/build/lib/ros2_opencv
[3.530s] copying ros2_opencv/calibrate_camera.py -> /home/eddy/ws_ros2_opencv/build/ros2_opencv/build/lib/ros2_opencv
[3.531s] running install
[3.532s] running install_lib
[3.534s] copying /home/eddy/ws_ros2_opencv/build/ros2_opencv/build/lib/ros2_opencv/capture_calibration_images.py -> /home/eddy/ws_ros2_opencv/install/ros2_opencv/lib/python3.8/site-packages/ros2_opencv
[3.535s] copying /home/eddy/ws_ros2_opencv/build/ros2_opencv/build/lib/ros2_opencv/calibrate_camera.py -> /home/eddy/ws_ros2_opencv/install/ros2_opencv/lib/python3.8/site-packages/ros2_opencv
[3.536s] byte-compiling /home/eddy/ws_ros2_opencv/install/ros2_opencv/lib/python3.8/site-packages/ros2_opencv/capture_calibration_images.py to capture_calibration_images.cpython-38.pyc
[3.539s] byte-compiling /home/eddy/ws_ros2_opencv/install/ros2_opencv/lib/python3.8/site-packages/ros2_opencv/calibrate_camera.py to calibrate_camera.cpython-38.pyc
[3.540s] running install_data
[3.540s] running install_egg_info
[3.543s] removing '/home/eddy/ws_ros2_opencv/install/ros2_opencv/lib/python3.8/site-packages/ros2_opencv-0.0.0-py3.8.egg-info' (and everything under it)
[3.544s] Copying ../../build/ros2_opencv/ros2_opencv.egg-info to /home/eddy/ws_ros2_opencv/install/ros2_opencv/lib/python3.8/site-packages/ros2_opencv-0.0.0-py3.8.egg-info
[3.547s] running install_scripts
[3.582s] Installing publisher_node script to /home/eddy/ws_ros2_opencv/install/ros2_opencv/lib/ros2_opencv
[3.582s] Installing subscriber_node script to /home/eddy/ws_ros2_opencv/install/ros2_opencv/lib/ros2_opencv
[3.583s] writing list of installed files to '/home/eddy/ws_ros2_opencv/build/ros2_opencv/install.log'
[3.641s] Invoked command in '/home/eddy/ws_ros2_opencv/src/ros2_opencv' returned '0': PYTHONPATH=/home/eddy/ws_ros2_opencv/build/ros2_opencv/prefix_override:/home/eddy/ws_ros2_opencv/install/ros2_opencv/lib/python3.8/site-packages:${PYTHONPATH} /usr/bin/python3 -W ignore:setup.py install is deprecated setup.py egg_info --egg-base ../../build/ros2_opencv build --build-base /home/eddy/ws_ros2_opencv/build/ros2_opencv/build install --record /home/eddy/ws_ros2_opencv/build/ros2_opencv/install.log --install-scripts $base/lib/ros2_opencv --single-version-externally-managed install_data
